Arguments: 
  C:\Program Files\nodejs\node.exe C:\Users\wahid\AppData\Roaming\npm\node_modules\yarn\bin\yarn.js add express@4.17.1

PATH: 
  C:\Program Files\ImageMagick-7.0.9-Q16;C:\WINDOWS\system32;C:\WINDOWS;C:\WINDOWS\System32\Wbem;C:\WINDOWS\System32\WindowsPowerShell\v1.0\;C:\WINDOWS\System32\OpenSSH\;C:\Program Files\dotnet\;C:\Program Files\Microsoft SQL Server\130\Tools\Binn\;C:\Program Files\nodejs\;c:\Users\wahid\AppData\Local\Android\Sdk\platform-tools;c:\Users\wahid\AppData\Local\Android\Sdk;C:\Program Files\Git\cmd;C:\Program Files (x86)\Sparkol\Sparkol VideoScribe;C:\Program Files\Java\jdk-14.0.1\bin;C:\Ruby26-x64\bin;C:\Users\wahid\AppData\Local\Microsoft\WindowsApps;C:\Users\wahid\AppData\Roaming\npm;C:\sqlite3;c:\Users\wahid\AppData\Local\Android\Sdk\platform-tools;c:\Users\wahid\AppData\Local\Android\Sdk;C:\Users\wahid\AppData\Local\atom\bin;C:\Program Files (x86)\Sparkol\Sparkol VideoScribe;;C:\Users\wahid\AppData\Local\Programs\Microsoft VS Code\bin;C:\Program Files\heroku\bin

Yarn version: 
  1.17.3

Node version: 
  10.16.3

Platform: 
  win32 x64

Trace: 
  Error: EPERM: operation not permitted, unlink 'D:\ReactJS\expencify-app\node_modules\.node-sass.DELETE\vendor\win32-x64-64\binding.node'

npm manifest: 
  {
    "name": "expencify",
    "version": "1.0.0",
    "main": "index.js",
    "author": "Zaman",
    "license": "MIT",
    "engines": {
      "node": "10.16.3",
      "npm": "6.9.0"
    },
    "scripts": {
      "serve": "live-server public/",
      "build": "webpack",
      "dev-server": "webpack-dev-server",
      "test": "cross-env NODE_ENV=test jest --config=jest.config.json"
    },
    "dependencies": {
      "@babel/cli": "^7.8.4",
      "@babel/core": "^7.9.0",
      "@babel/preset-env": "^7.9.0",
      "@babel/preset-react": "^7.9.4",
      "babel-loader": "8.0.6",
      "babel-plugin-transform-class-properties": "^6.24.1",
      "babel-plugin-transform-object-rest-spread": "^6.26.0",
      "css-loader": "^3.4.2",
      "enzyme": "3.11.0",
      "enzyme-adapter-react-16": "^1.15.2",
      "enzyme-to-json": "^3.4.4",
      "firebase": "7.14.0",
      "jest": "25.3",
      "live-server": "^1.2.1",
      "moment": "2.24.0",
      "node-sass": "^4.13.1",
      "normalize.css": "8.0.1",
      "raf": "^3.4.1",
      "react": "16.13.1",
      "react-addons-shallow-compare": "15.6.2",
      "react-dates": "21.8.0",
      "react-dom": "16.13.1",
      "react-modal": "^3.11.2",
      "react-redux": "^7.2.0",
      "react-router-dom": "5.1.2",
      "react-test-renderer": "16.13.1",
      "redux": "4.0.5",
      "redux-mock-store": "^1.5.4",
      "redux-thunk": "^2.3.0",
      "sass-loader": "^8.0.2",
      "style-loader": "^1.1.3",
      "uuid": "3.1.0",
      "validator": "8.0.0",
      "webpack": "^4.42.1",
      "webpack-cli": "^3.3.11",
      "webpack-dev-server": "^3.10.3"
    },
    "devDependencies": {
      "cross-env": "^7.0.2",
      "dotenv": "^8.2.0"
    }
  }

yarn manifest: 
  No manifest

Lockfile: 
  No lockfile
